<?xml version="1.0" encoding="UTF-8"?>
<!-- Generated by org.testng.reporters.JUnitReportReporter -->
<testsuite hostname="LAPTOP-8PSJV9MJ" failures="0" tests="1" name="vagrant.test.Imdb_test" time="9.935" errors="0" timestamp="17 Aug 2022 16:18:28 GMT">
  <testcase classname="vagrant.test.Imdb_test" name="getMovieDetailsInImdb" time="9.935"/>
</testsuite> <!-- vagrant.test.Imdb_test -->
